[2021-01-01 13:36:07.275] [exthost] [info] extension host started
[2021-01-01 13:36:07.793] [exthost] [info] extension host started
[2021-01-01 13:36:07.847] [exthost] [info] ExtensionService#_doActivateExtension vscode.grunt {"startup":false,"extensionId":{"value":"vscode.grunt","_lower":"vscode.grunt"},"activationEvent":"onCommand:workbench.action.tasks.runTask"}
[2021-01-01 13:36:07.849] [exthost] [info] ExtensionService#loadCommonJSModule file:///c:/Users/srjbo/Downloads/eclipse-jee-2019-06-R-win32-x86_64/eclipse/plugins/com.genuitec.eclipse.code.engine.app.win32.x86_64_3.6.0.202002212104/engine/resources/app/extensions/grunt/dist/main
[2021-01-01 13:36:07.864] [exthost] [info] ExtensionService#_doActivateExtension vscode.gulp {"startup":false,"extensionId":{"value":"vscode.gulp","_lower":"vscode.gulp"},"activationEvent":"onCommand:workbench.action.tasks.runTask"}
[2021-01-01 13:36:07.865] [exthost] [info] ExtensionService#loadCommonJSModule file:///c:/Users/srjbo/Downloads/eclipse-jee-2019-06-R-win32-x86_64/eclipse/plugins/com.genuitec.eclipse.code.engine.app.win32.x86_64_3.6.0.202002212104/engine/resources/app/extensions/gulp/dist/main
[2021-01-01 13:36:07.876] [exthost] [info] ExtensionService#_doActivateExtension vscode.jake {"startup":false,"extensionId":{"value":"vscode.jake","_lower":"vscode.jake"},"activationEvent":"onCommand:workbench.action.tasks.runTask"}
[2021-01-01 13:36:07.877] [exthost] [info] ExtensionService#loadCommonJSModule file:///c:/Users/srjbo/Downloads/eclipse-jee-2019-06-R-win32-x86_64/eclipse/plugins/com.genuitec.eclipse.code.engine.app.win32.x86_64_3.6.0.202002212104/engine/resources/app/extensions/jake/dist/main
[2021-01-01 13:36:07.890] [exthost] [info] ExtensionService#_doActivateExtension vscode.npm {"startup":false,"extensionId":{"value":"vscode.npm","_lower":"vscode.npm"},"activationEvent":"onCommand:workbench.action.tasks.runTask"}
[2021-01-01 13:36:07.890] [exthost] [info] ExtensionService#loadCommonJSModule file:///c:/Users/srjbo/Downloads/eclipse-jee-2019-06-R-win32-x86_64/eclipse/plugins/com.genuitec.eclipse.code.engine.app.win32.x86_64_3.6.0.202002212104/engine/resources/app/extensions/npm/dist/main
[2021-01-01 13:36:07.916] [exthost] [info] ExtensionService#_doActivateExtension vscode.typescript-language-features {"startup":false,"extensionId":{"value":"vscode.typescript-language-features","_lower":"vscode.typescript-language-features"},"activationEvent":"onCommand:workbench.action.tasks.runTask"}
[2021-01-01 13:36:07.916] [exthost] [info] ExtensionService#loadCommonJSModule file:///c:/Users/srjbo/Downloads/eclipse-jee-2019-06-R-win32-x86_64/eclipse/plugins/com.genuitec.eclipse.code.engine.app.win32.x86_64_3.6.0.202002212104/engine/resources/app/extensions/typescript-language-features/dist/extension
[2021-01-01 13:36:07.983] [exthost] [info] ExtensionService#_doActivateExtension HookyQR.beautify {"startup":true,"extensionId":{"value":"HookyQR.beautify","_lower":"hookyqr.beautify"},"activationEvent":"*"}
[2021-01-01 13:36:07.983] [exthost] [info] ExtensionService#loadCommonJSModule file:///c:/Users/srjbo/Downloads/eclipse-jee-2019-06-R-win32-x86_64/eclipse/plugins/pack.core.win_3.6.0.202007171759/HookyQR.beautify-1.4.11/extension
[2021-01-01 13:36:08.151] [exthost] [info] ExtensionService#_doActivateExtension christian-kohler.path-intellisense {"startup":true,"extensionId":{"value":"christian-kohler.path-intellisense","_lower":"christian-kohler.path-intellisense"},"activationEvent":"*"}
[2021-01-01 13:36:08.151] [exthost] [info] ExtensionService#loadCommonJSModule file:///c:/Users/srjbo/Downloads/eclipse-jee-2019-06-R-win32-x86_64/eclipse/plugins/pack.core.win_3.6.0.202007171759/christian-kohler.path-intellisense-1.4.2/out/src/extension
[2021-01-01 13:36:08.190] [exthost] [info] ExtensionService#_doActivateExtension dbaeumer.vscode-eslint {"startup":true,"extensionId":{"value":"dbaeumer.vscode-eslint","_lower":"dbaeumer.vscode-eslint"},"activationEvent":"*"}
[2021-01-01 13:36:08.190] [exthost] [info] ExtensionService#loadCommonJSModule file:///c:/Users/srjbo/Downloads/eclipse-jee-2019-06-R-win32-x86_64/eclipse/plugins/pack.core.win_3.6.0.202007171759/dbaeumer.vscode-eslint-1.9.0/client/out/extension
[2021-01-01 13:36:08.215] [exthost] [info] ExtensionService#_doActivateExtension vscode.debug-auto-launch {"startup":true,"extensionId":{"value":"vscode.debug-auto-launch","_lower":"vscode.debug-auto-launch"},"activationEvent":"*"}
[2021-01-01 13:36:08.215] [exthost] [info] ExtensionService#loadCommonJSModule file:///c:/Users/srjbo/Downloads/eclipse-jee-2019-06-R-win32-x86_64/eclipse/plugins/com.genuitec.eclipse.code.engine.app.win32.x86_64_3.6.0.202002212104/engine/resources/app/extensions/debug-auto-launch/dist/extension
[2021-01-01 13:36:08.222] [exthost] [info] ExtensionService#_doActivateExtension vscode.emmet {"startup":true,"extensionId":{"value":"vscode.emmet","_lower":"vscode.emmet"},"activationEvent":"*"}
[2021-01-01 13:36:08.222] [exthost] [info] ExtensionService#loadCommonJSModule file:///c:/Users/srjbo/Downloads/eclipse-jee-2019-06-R-win32-x86_64/eclipse/plugins/com.genuitec.eclipse.code.engine.app.win32.x86_64_3.6.0.202002212104/engine/resources/app/extensions/emmet/dist/extension
[2021-01-01 13:36:08.261] [exthost] [info] ExtensionService#_doActivateExtension formulahendry.auto-close-tag {"startup":true,"extensionId":{"value":"formulahendry.auto-close-tag","_lower":"formulahendry.auto-close-tag"},"activationEvent":"*"}
[2021-01-01 13:36:08.261] [exthost] [info] ExtensionService#loadCommonJSModule file:///c:/Users/srjbo/Downloads/eclipse-jee-2019-06-R-win32-x86_64/eclipse/plugins/pack.core.win_3.6.0.202007171759/formulahendry.auto-close-tag-0.5.6/out/src/extension
[2021-01-01 13:36:08.318] [exthost] [info] eager extensions activated
